  社团联谊用作品.cpp
C:\Users\11767\Desktop\社团联谊用作品\社团联谊用作品.cpp(367,44): warning C4244: “=”: 从“double”转换到“float”，可能丢失数据
C:\Users\11767\Desktop\社团联谊用作品\社团联谊用作品.cpp(369,43): warning C4244: “=”: 从“double”转换到“float”，可能丢失数据
C:\Users\11767\Desktop\社团联谊用作品\社团联谊用作品.cpp(980,62): warning C4267: “参数”: 从“size_t”转换到“int”，可能丢失数据
C:\Users\11767\Desktop\社团联谊用作品\社团联谊用作品.cpp(982,48): warning C4267: “参数”: 从“size_t”转换到“int”，可能丢失数据
C:\Users\11767\Desktop\社团联谊用作品\社团联谊用作品.cpp(983,62): warning C4267: “参数”: 从“size_t”转换到“int”，可能丢失数据
C:\Users\11767\Desktop\社团联谊用作品\社团联谊用作品.cpp(984,62): warning C4267: “参数”: 从“size_t”转换到“int”，可能丢失数据
C:\Users\11767\Desktop\社团联谊用作品\社团联谊用作品.cpp(986,48): warning C4267: “参数”: 从“size_t”转换到“int”，可能丢失数据
C:\Users\11767\Desktop\社团联谊用作品\社团联谊用作品.cpp(987,68): warning C4267: “参数”: 从“size_t”转换到“int”，可能丢失数据
C:\Users\11767\Desktop\社团联谊用作品\社团联谊用作品.cpp(991,48): warning C4267: “参数”: 从“size_t”转换到“int”，可能丢失数据
C:\Users\11767\Desktop\社团联谊用作品\社团联谊用作品.cpp(992,48): warning C4267: “参数”: 从“size_t”转换到“int”，可能丢失数据
C:\Users\11767\Desktop\社团联谊用作品\社团联谊用作品.cpp(996,48): warning C4267: “参数”: 从“size_t”转换到“int”，可能丢失数据
C:\Users\11767\Desktop\社团联谊用作品\社团联谊用作品.cpp(997,48): warning C4267: “参数”: 从“size_t”转换到“int”，可能丢失数据
C:\Users\11767\Desktop\社团联谊用作品\社团联谊用作品.cpp(1001,48): warning C4267: “参数”: 从“size_t”转换到“int”，可能丢失数据
C:\Users\11767\Desktop\社团联谊用作品\社团联谊用作品.cpp(1002,48): warning C4267: “参数”: 从“size_t”转换到“int”，可能丢失数据
C:\Users\11767\Desktop\社团联谊用作品\社团联谊用作品.cpp(1004,74): warning C4267: “参数”: 从“size_t”转换到“int”，可能丢失数据
C:\Users\11767\Desktop\社团联谊用作品\社团联谊用作品.cpp(1024,56): warning C4267: “参数”: 从“size_t”转换到“int”，可能丢失数据
C:\Users\11767\Desktop\社团联谊用作品\社团联谊用作品.cpp(1025,56): warning C4267: “参数”: 从“size_t”转换到“int”，可能丢失数据
C:\Users\11767\Desktop\社团联谊用作品\社团联谊用作品.cpp(1029,100): warning C4267: “参数”: 从“size_t”转换到“int”，可能丢失数据
C:\Users\11767\Desktop\社团联谊用作品\社团联谊用作品.cpp(1031,61): warning C4267: “参数”: 从“size_t”转换到“int”，可能丢失数据
C:\Users\11767\Desktop\社团联谊用作品\社团联谊用作品.cpp(1037,88): warning C4267: “参数”: 从“size_t”转换到“int”，可能丢失数据
C:\Users\11767\Desktop\社团联谊用作品\社团联谊用作品.cpp(1042,60): warning C4267: “参数”: 从“size_t”转换到“int”，可能丢失数据
C:\Users\11767\Desktop\社团联谊用作品\社团联谊用作品.cpp(1045,79): warning C4267: “参数”: 从“size_t”转换到“int”，可能丢失数据
C:\Users\11767\Desktop\社团联谊用作品\社团联谊用作品.cpp(1051,95): warning C4267: “参数”: 从“size_t”转换到“int”，可能丢失数据
C:\Users\11767\Desktop\社团联谊用作品\社团联谊用作品.cpp(1053,101): warning C4267: “参数”: 从“size_t”转换到“int”，可能丢失数据
C:\Users\11767\Desktop\社团联谊用作品\社团联谊用作品.cpp(1055,95): warning C4267: “参数”: 从“size_t”转换到“int”，可能丢失数据
C:\Users\11767\Desktop\社团联谊用作品\社团联谊用作品.cpp(1057,95): warning C4267: “参数”: 从“size_t”转换到“int”，可能丢失数据
C:\Users\11767\Desktop\社团联谊用作品\社团联谊用作品.cpp(1059,95): warning C4267: “参数”: 从“size_t”转换到“int”，可能丢失数据
C:\Users\11767\Desktop\社团联谊用作品\社团联谊用作品.cpp(1063,69): warning C4267: “参数”: 从“size_t”转换到“int”，可能丢失数据
C:\Users\11767\Desktop\社团联谊用作品\社团联谊用作品.cpp(1064,113): warning C4267: “参数”: 从“size_t”转换到“int”，可能丢失数据
C:\Users\11767\Desktop\社团联谊用作品\社团联谊用作品.cpp(1067,101): warning C4267: “参数”: 从“size_t”转换到“int”，可能丢失数据
C:\Users\11767\Desktop\社团联谊用作品\社团联谊用作品.cpp(1072,69): warning C4267: “参数”: 从“size_t”转换到“int”，可能丢失数据
C:\Users\11767\Desktop\社团联谊用作品\社团联谊用作品.cpp(1073,119): warning C4267: “参数”: 从“size_t”转换到“int”，可能丢失数据
C:\Users\11767\Desktop\社团联谊用作品\社团联谊用作品.cpp(1079,69): warning C4267: “参数”: 从“size_t”转换到“int”，可能丢失数据
C:\Users\11767\Desktop\社团联谊用作品\社团联谊用作品.cpp(1080,113): warning C4267: “参数”: 从“size_t”转换到“int”，可能丢失数据
C:\Users\11767\Desktop\社团联谊用作品\社团联谊用作品.cpp(1082,69): warning C4267: “参数”: 从“size_t”转换到“int”，可能丢失数据
C:\Users\11767\Desktop\社团联谊用作品\社团联谊用作品.cpp(1083,113): warning C4267: “参数”: 从“size_t”转换到“int”，可能丢失数据
C:\Users\11767\Desktop\社团联谊用作品\社团联谊用作品.cpp(1089,69): warning C4267: “参数”: 从“size_t”转换到“int”，可能丢失数据
C:\Users\11767\Desktop\社团联谊用作品\社团联谊用作品.cpp(1090,107): warning C4267: “参数”: 从“size_t”转换到“int”，可能丢失数据
C:\Users\11767\Desktop\社团联谊用作品\社团联谊用作品.cpp(1092,69): warning C4267: “参数”: 从“size_t”转换到“int”，可能丢失数据
C:\Users\11767\Desktop\社团联谊用作品\社团联谊用作品.cpp(1093,95): warning C4267: “参数”: 从“size_t”转换到“int”，可能丢失数据
C:\Users\11767\Desktop\社团联谊用作品\社团联谊用作品.cpp(1098,95): warning C4267: “参数”: 从“size_t”转换到“int”，可能丢失数据
C:\Users\11767\Desktop\社团联谊用作品\社团联谊用作品.cpp(1100,69): warning C4267: “参数”: 从“size_t”转换到“int”，可能丢失数据
C:\Users\11767\Desktop\社团联谊用作品\社团联谊用作品.cpp(1101,95): warning C4267: “参数”: 从“size_t”转换到“int”，可能丢失数据
C:\Users\11767\Desktop\社团联谊用作品\社团联谊用作品.cpp(1109,70): warning C4267: “参数”: 从“size_t”转换到“int”，可能丢失数据
C:\Users\11767\Desktop\社团联谊用作品\社团联谊用作品.cpp(1111,90): warning C4267: “参数”: 从“size_t”转换到“int”，可能丢失数据
C:\Users\11767\Desktop\社团联谊用作品\社团联谊用作品.cpp(1115,72): warning C4267: “参数”: 从“size_t”转换到“int”，可能丢失数据
C:\Users\11767\Desktop\社团联谊用作品\社团联谊用作品.cpp(1116,53): warning C4267: “参数”: 从“size_t”转换到“int”，可能丢失数据
C:\Users\11767\Desktop\社团联谊用作品\社团联谊用作品.cpp(1117,79): warning C4267: “参数”: 从“size_t”转换到“int”，可能丢失数据
C:\Users\11767\Desktop\社团联谊用作品\社团联谊用作品.cpp(1120,72): warning C4267: “参数”: 从“size_t”转换到“int”，可能丢失数据
C:\Users\11767\Desktop\社团联谊用作品\社团联谊用作品.cpp(1122,90): warning C4267: “参数”: 从“size_t”转换到“int”，可能丢失数据
C:\Users\11767\Desktop\社团联谊用作品\社团联谊用作品.cpp(1125,72): warning C4267: “参数”: 从“size_t”转换到“int”，可能丢失数据
C:\Users\11767\Desktop\社团联谊用作品\社团联谊用作品.cpp(1126,53): warning C4267: “参数”: 从“size_t”转换到“int”，可能丢失数据
C:\Users\11767\Desktop\社团联谊用作品\社团联谊用作品.cpp(1127,79): warning C4267: “参数”: 从“size_t”转换到“int”，可能丢失数据
C:\Users\11767\Desktop\社团联谊用作品\社团联谊用作品.cpp(1133,52): warning C4267: “参数”: 从“size_t”转换到“int”，可能丢失数据
C:\Users\11767\Desktop\社团联谊用作品\社团联谊用作品.cpp(1134,78): warning C4267: “参数”: 从“size_t”转换到“int”，可能丢失数据
C:\Users\11767\Desktop\社团联谊用作品\社团联谊用作品.cpp(1136,94): warning C4267: “参数”: 从“size_t”转换到“int”，可能丢失数据
C:\Users\11767\Desktop\社团联谊用作品\社团联谊用作品.cpp(1139,76): warning C4267: “参数”: 从“size_t”转换到“int”，可能丢失数据
C:\Users\11767\Desktop\社团联谊用作品\社团联谊用作品.cpp(1140,57): warning C4267: “参数”: 从“size_t”转换到“int”，可能丢失数据
C:\Users\11767\Desktop\社团联谊用作品\社团联谊用作品.cpp(1141,83): warning C4267: “参数”: 从“size_t”转换到“int”，可能丢失数据
C:\Users\11767\Desktop\社团联谊用作品\社团联谊用作品.cpp(1145,80): warning C4267: “参数”: 从“size_t”转换到“int”，可能丢失数据
C:\Users\11767\Desktop\社团联谊用作品\社团联谊用作品.cpp(1147,90): warning C4267: “参数”: 从“size_t”转换到“int”，可能丢失数据
C:\Users\11767\Desktop\社团联谊用作品\社团联谊用作品.cpp(1150,72): warning C4267: “参数”: 从“size_t”转换到“int”，可能丢失数据
C:\Users\11767\Desktop\社团联谊用作品\社团联谊用作品.cpp(1151,53): warning C4267: “参数”: 从“size_t”转换到“int”，可能丢失数据
C:\Users\11767\Desktop\社团联谊用作品\社团联谊用作品.cpp(1152,79): warning C4267: “参数”: 从“size_t”转换到“int”，可能丢失数据
C:\Users\11767\Desktop\社团联谊用作品\社团联谊用作品.cpp(1155,80): warning C4267: “参数”: 从“size_t”转换到“int”，可能丢失数据
C:\Users\11767\Desktop\社团联谊用作品\社团联谊用作品.cpp(1157,90): warning C4267: “参数”: 从“size_t”转换到“int”，可能丢失数据
C:\Users\11767\Desktop\社团联谊用作品\社团联谊用作品.cpp(1160,72): warning C4267: “参数”: 从“size_t”转换到“int”，可能丢失数据
C:\Users\11767\Desktop\社团联谊用作品\社团联谊用作品.cpp(1161,53): warning C4267: “参数”: 从“size_t”转换到“int”，可能丢失数据
C:\Users\11767\Desktop\社团联谊用作品\社团联谊用作品.cpp(1162,79): warning C4267: “参数”: 从“size_t”转换到“int”，可能丢失数据
C:\Users\11767\Desktop\社团联谊用作品\社团联谊用作品.cpp(1165,80): warning C4267: “参数”: 从“size_t”转换到“int”，可能丢失数据
C:\Users\11767\Desktop\社团联谊用作品\社团联谊用作品.cpp(1167,90): warning C4267: “参数”: 从“size_t”转换到“int”，可能丢失数据
C:\Users\11767\Desktop\社团联谊用作品\社团联谊用作品.cpp(1170,72): warning C4267: “参数”: 从“size_t”转换到“int”，可能丢失数据
C:\Users\11767\Desktop\社团联谊用作品\社团联谊用作品.cpp(1171,53): warning C4267: “参数”: 从“size_t”转换到“int”，可能丢失数据
C:\Users\11767\Desktop\社团联谊用作品\社团联谊用作品.cpp(1172,79): warning C4267: “参数”: 从“size_t”转换到“int”，可能丢失数据
C:\Users\11767\Desktop\社团联谊用作品\社团联谊用作品.cpp(1175,80): warning C4267: “参数”: 从“size_t”转换到“int”，可能丢失数据
C:\Users\11767\Desktop\社团联谊用作品\社团联谊用作品.cpp(1177,90): warning C4267: “参数”: 从“size_t”转换到“int”，可能丢失数据
C:\Users\11767\Desktop\社团联谊用作品\社团联谊用作品.cpp(1180,72): warning C4267: “参数”: 从“size_t”转换到“int”，可能丢失数据
C:\Users\11767\Desktop\社团联谊用作品\社团联谊用作品.cpp(1181,53): warning C4267: “参数”: 从“size_t”转换到“int”，可能丢失数据
C:\Users\11767\Desktop\社团联谊用作品\社团联谊用作品.cpp(1182,79): warning C4267: “参数”: 从“size_t”转换到“int”，可能丢失数据
C:\Users\11767\Desktop\社团联谊用作品\社团联谊用作品.cpp(1185,80): warning C4267: “参数”: 从“size_t”转换到“int”，可能丢失数据
C:\Users\11767\Desktop\社团联谊用作品\社团联谊用作品.cpp(1187,90): warning C4267: “参数”: 从“size_t”转换到“int”，可能丢失数据
C:\Users\11767\Desktop\社团联谊用作品\社团联谊用作品.cpp(1190,72): warning C4267: “参数”: 从“size_t”转换到“int”，可能丢失数据
C:\Users\11767\Desktop\社团联谊用作品\社团联谊用作品.cpp(1191,53): warning C4267: “参数”: 从“size_t”转换到“int”，可能丢失数据
C:\Users\11767\Desktop\社团联谊用作品\社团联谊用作品.cpp(1192,79): warning C4267: “参数”: 从“size_t”转换到“int”，可能丢失数据
C:\Users\11767\Desktop\社团联谊用作品\社团联谊用作品.cpp(1195,98): warning C4267: “参数”: 从“size_t”转换到“int”，可能丢失数据
C:\Users\11767\Desktop\社团联谊用作品\社团联谊用作品.cpp(1201,52): warning C4267: “参数”: 从“size_t”转换到“int”，可能丢失数据
C:\Users\11767\Desktop\社团联谊用作品\社团联谊用作品.cpp(1205,56): warning C4267: “参数”: 从“size_t”转换到“int”，可能丢失数据
C:\Users\11767\Desktop\社团联谊用作品\社团联谊用作品.cpp(1206,100): warning C4267: “参数”: 从“size_t”转换到“int”，可能丢失数据
C:\Users\11767\Desktop\社团联谊用作品\社团联谊用作品.cpp(1208,57): warning C4267: “参数”: 从“size_t”转换到“int”，可能丢失数据
C:\Users\11767\Desktop\社团联谊用作品\社团联谊用作品.cpp(1209,77): warning C4267: “参数”: 从“size_t”转换到“int”，可能丢失数据
C:\Users\11767\Desktop\社团联谊用作品\社团联谊用作品.cpp(1216,60): warning C4267: “参数”: 从“size_t”转换到“int”，可能丢失数据
C:\Users\11767\Desktop\社团联谊用作品\社团联谊用作品.cpp(1217,116): warning C4267: “参数”: 从“size_t”转换到“int”，可能丢失数据
C:\Users\11767\Desktop\社团联谊用作品\社团联谊用作品.cpp(1219,61): warning C4267: “参数”: 从“size_t”转换到“int”，可能丢失数据
C:\Users\11767\Desktop\社团联谊用作品\社团联谊用作品.cpp(1220,105): warning C4267: “参数”: 从“size_t”转换到“int”，可能丢失数据
C:\Users\11767\Desktop\社团联谊用作品\社团联谊用作品.cpp(1222,61): warning C4267: “参数”: 从“size_t”转换到“int”，可能丢失数据
C:\Users\11767\Desktop\社团联谊用作品\社团联谊用作品.cpp(1223,99): warning C4267: “参数”: 从“size_t”转换到“int”，可能丢失数据
C:\Users\11767\Desktop\社团联谊用作品\社团联谊用作品.cpp(1225,61): warning C4267: “参数”: 从“size_t”转换到“int”，可能丢失数据
C:\Users\11767\Desktop\社团联谊用作品\社团联谊用作品.cpp(1226,99): warning C4267: “参数”: 从“size_t”转换到“int”，可能丢失数据
C:\Users\11767\Desktop\社团联谊用作品\社团联谊用作品.cpp(1231,60): warning C4267: “参数”: 从“size_t”转换到“int”，可能丢失数据
C:\Users\11767\Desktop\社团联谊用作品\社团联谊用作品.cpp(1232,98): warning C4267: “参数”: 从“size_t”转换到“int”，可能丢失数据
C:\Users\11767\Desktop\社团联谊用作品\社团联谊用作品.cpp(1234,61): warning C4267: “参数”: 从“size_t”转换到“int”，可能丢失数据
C:\Users\11767\Desktop\社团联谊用作品\社团联谊用作品.cpp(1235,81): warning C4267: “参数”: 从“size_t”转换到“int”，可能丢失数据
C:\Users\11767\Desktop\社团联谊用作品\社团联谊用作品.cpp(1240,74): warning C4267: “参数”: 从“size_t”转换到“int”，可能丢失数据
C:\Users\11767\Desktop\社团联谊用作品\社团联谊用作品.cpp(1246,70): warning C4267: “参数”: 从“size_t”转换到“int”，可能丢失数据
C:\Users\11767\Desktop\社团联谊用作品\社团联谊用作品.cpp(1264,82): warning C4267: “参数”: 从“size_t”转换到“int”，可能丢失数据
C:\Users\11767\Desktop\社团联谊用作品\社团联谊用作品.cpp(1267,82): warning C4267: “参数”: 从“size_t”转换到“int”，可能丢失数据
C:\Users\11767\Desktop\社团联谊用作品\社团联谊用作品.cpp(1270,83): warning C4267: “参数”: 从“size_t”转换到“int”，可能丢失数据
C:\Users\11767\Desktop\社团联谊用作品\社团联谊用作品.cpp(1273,119): warning C4267: “参数”: 从“size_t”转换到“int”，可能丢失数据
C:\Users\11767\Desktop\社团联谊用作品\社团联谊用作品.cpp(1276,52): warning C4267: “参数”: 从“size_t”转换到“int”，可能丢失数据
C:\Users\11767\Desktop\社团联谊用作品\社团联谊用作品.cpp(1283,56): warning C4267: “参数”: 从“size_t”转换到“int”，可能丢失数据
C:\Users\11767\Desktop\社团联谊用作品\社团联谊用作品.cpp(1284,82): warning C4267: “参数”: 从“size_t”转换到“int”，可能丢失数据
C:\Users\11767\Desktop\社团联谊用作品\社团联谊用作品.cpp(1286,57): warning C4267: “参数”: 从“size_t”转换到“int”，可能丢失数据
C:\Users\11767\Desktop\社团联谊用作品\社团联谊用作品.cpp(1287,71): warning C4267: “参数”: 从“size_t”转换到“int”，可能丢失数据
C:\Users\11767\Desktop\社团联谊用作品\社团联谊用作品.cpp(2116,23): warning C4244: “参数”: 从“time_t”转换到“unsigned int”，可能丢失数据
C:\Users\11767\Desktop\社团联谊用作品\社团联谊用作品.cpp(2137,75): warning C4267: “参数”: 从“size_t”转换到“int”，可能丢失数据
C:\Users\11767\Desktop\社团联谊用作品\社团联谊用作品.cpp(2138,96): warning C4267: “参数”: 从“size_t”转换到“int”，可能丢失数据
C:\Users\11767\Desktop\社团联谊用作品\社团联谊用作品.cpp(2140,63): warning C4267: “参数”: 从“size_t”转换到“int”，可能丢失数据
C:\Users\11767\Desktop\社团联谊用作品\社团联谊用作品.cpp(2141,96): warning C4267: “参数”: 从“size_t”转换到“int”，可能丢失数据
C:\Users\11767\Desktop\社团联谊用作品\社团联谊用作品.cpp(2143,63): warning C4267: “参数”: 从“size_t”转换到“int”，可能丢失数据
C:\Users\11767\Desktop\社团联谊用作品\社团联谊用作品.cpp(2144,96): warning C4267: “参数”: 从“size_t”转换到“int”，可能丢失数据
C:\Users\11767\Desktop\社团联谊用作品\社团联谊用作品.cpp(2146,63): warning C4267: “参数”: 从“size_t”转换到“int”，可能丢失数据
C:\Users\11767\Desktop\社团联谊用作品\社团联谊用作品.cpp(2147,96): warning C4267: “参数”: 从“size_t”转换到“int”，可能丢失数据
C:\Users\11767\Desktop\社团联谊用作品\社团联谊用作品.cpp(2149,63): warning C4267: “参数”: 从“size_t”转换到“int”，可能丢失数据
C:\Users\11767\Desktop\社团联谊用作品\社团联谊用作品.cpp(2150,209): warning C4267: “参数”: 从“size_t”转换到“int”，可能丢失数据
C:\Users\11767\Desktop\社团联谊用作品\社团联谊用作品.cpp(2152,63): warning C4267: “参数”: 从“size_t”转换到“int”，可能丢失数据
C:\Users\11767\Desktop\社团联谊用作品\社团联谊用作品.cpp(2158,76): warning C4267: “参数”: 从“size_t”转换到“int”，可能丢失数据
C:\Users\11767\Desktop\社团联谊用作品\社团联谊用作品.cpp(2159,102): warning C4267: “参数”: 从“size_t”转换到“int”，可能丢失数据
C:\Users\11767\Desktop\社团联谊用作品\社团联谊用作品.cpp(2161,69): warning C4267: “参数”: 从“size_t”转换到“int”，可能丢失数据
C:\Users\11767\Desktop\社团联谊用作品\社团联谊用作品.cpp(2162,102): warning C4267: “参数”: 从“size_t”转换到“int”，可能丢失数据
C:\Users\11767\Desktop\社团联谊用作品\社团联谊用作品.cpp(2164,69): warning C4267: “参数”: 从“size_t”转换到“int”，可能丢失数据
C:\Users\11767\Desktop\社团联谊用作品\社团联谊用作品.cpp(2165,102): warning C4267: “参数”: 从“size_t”转换到“int”，可能丢失数据
C:\Users\11767\Desktop\社团联谊用作品\社团联谊用作品.cpp(2167,69): warning C4267: “参数”: 从“size_t”转换到“int”，可能丢失数据
C:\Users\11767\Desktop\社团联谊用作品\社团联谊用作品.cpp(2168,102): warning C4267: “参数”: 从“size_t”转换到“int”，可能丢失数据
C:\Users\11767\Desktop\社团联谊用作品\社团联谊用作品.cpp(2170,69): warning C4267: “参数”: 从“size_t”转换到“int”，可能丢失数据
C:\Users\11767\Desktop\社团联谊用作品\社团联谊用作品.cpp(2171,215): warning C4267: “参数”: 从“size_t”转换到“int”，可能丢失数据
C:\Users\11767\Desktop\社团联谊用作品\社团联谊用作品.cpp(2173,69): warning C4267: “参数”: 从“size_t”转换到“int”，可能丢失数据
C:\Users\11767\Desktop\社团联谊用作品\社团联谊用作品.cpp(2179,76): warning C4267: “参数”: 从“size_t”转换到“int”，可能丢失数据
C:\Users\11767\Desktop\社团联谊用作品\社团联谊用作品.cpp(2180,108): warning C4267: “参数”: 从“size_t”转换到“int”，可能丢失数据
C:\Users\11767\Desktop\社团联谊用作品\社团联谊用作品.cpp(2182,75): warning C4267: “参数”: 从“size_t”转换到“int”，可能丢失数据
C:\Users\11767\Desktop\社团联谊用作品\社团联谊用作品.cpp(2183,108): warning C4267: “参数”: 从“size_t”转换到“int”，可能丢失数据
C:\Users\11767\Desktop\社团联谊用作品\社团联谊用作品.cpp(2185,75): warning C4267: “参数”: 从“size_t”转换到“int”，可能丢失数据
C:\Users\11767\Desktop\社团联谊用作品\社团联谊用作品.cpp(2186,108): warning C4267: “参数”: 从“size_t”转换到“int”，可能丢失数据
C:\Users\11767\Desktop\社团联谊用作品\社团联谊用作品.cpp(2188,75): warning C4267: “参数”: 从“size_t”转换到“int”，可能丢失数据
C:\Users\11767\Desktop\社团联谊用作品\社团联谊用作品.cpp(2189,108): warning C4267: “参数”: 从“size_t”转换到“int”，可能丢失数据
C:\Users\11767\Desktop\社团联谊用作品\社团联谊用作品.cpp(2191,75): warning C4267: “参数”: 从“size_t”转换到“int”，可能丢失数据
C:\Users\11767\Desktop\社团联谊用作品\社团联谊用作品.cpp(2192,221): warning C4267: “参数”: 从“size_t”转换到“int”，可能丢失数据
C:\Users\11767\Desktop\社团联谊用作品\社团联谊用作品.cpp(2194,75): warning C4267: “参数”: 从“size_t”转换到“int”，可能丢失数据
C:\Users\11767\Desktop\社团联谊用作品\社团联谊用作品.cpp(2200,76): warning C4267: “参数”: 从“size_t”转换到“int”，可能丢失数据
C:\Users\11767\Desktop\社团联谊用作品\社团联谊用作品.cpp(2201,97): warning C4267: “参数”: 从“size_t”转换到“int”，可能丢失数据
C:\Users\11767\Desktop\社团联谊用作品\社团联谊用作品.cpp(2203,64): warning C4267: “参数”: 从“size_t”转换到“int”，可能丢失数据
C:\Users\11767\Desktop\社团联谊用作品\社团联谊用作品.cpp(2204,97): warning C4267: “参数”: 从“size_t”转换到“int”，可能丢失数据
C:\Users\11767\Desktop\社团联谊用作品\社团联谊用作品.cpp(2206,64): warning C4267: “参数”: 从“size_t”转换到“int”，可能丢失数据
C:\Users\11767\Desktop\社团联谊用作品\社团联谊用作品.cpp(2207,97): warning C4267: “参数”: 从“size_t”转换到“int”，可能丢失数据
C:\Users\11767\Desktop\社团联谊用作品\社团联谊用作品.cpp(2209,64): warning C4267: “参数”: 从“size_t”转换到“int”，可能丢失数据
C:\Users\11767\Desktop\社团联谊用作品\社团联谊用作品.cpp(2210,97): warning C4267: “参数”: 从“size_t”转换到“int”，可能丢失数据
C:\Users\11767\Desktop\社团联谊用作品\社团联谊用作品.cpp(2212,64): warning C4267: “参数”: 从“size_t”转换到“int”，可能丢失数据
C:\Users\11767\Desktop\社团联谊用作品\社团联谊用作品.cpp(2213,210): warning C4267: “参数”: 从“size_t”转换到“int”，可能丢失数据
C:\Users\11767\Desktop\社团联谊用作品\社团联谊用作品.cpp(2215,64): warning C4267: “参数”: 从“size_t”转换到“int”，可能丢失数据
C:\Users\11767\Desktop\社团联谊用作品\社团联谊用作品.cpp(2221,77): warning C4267: “参数”: 从“size_t”转换到“int”，可能丢失数据
C:\Users\11767\Desktop\社团联谊用作品\社团联谊用作品.cpp(2222,103): warning C4267: “参数”: 从“size_t”转换到“int”，可能丢失数据
C:\Users\11767\Desktop\社团联谊用作品\社团联谊用作品.cpp(2224,70): warning C4267: “参数”: 从“size_t”转换到“int”，可能丢失数据
C:\Users\11767\Desktop\社团联谊用作品\社团联谊用作品.cpp(2225,103): warning C4267: “参数”: 从“size_t”转换到“int”，可能丢失数据
C:\Users\11767\Desktop\社团联谊用作品\社团联谊用作品.cpp(2227,70): warning C4267: “参数”: 从“size_t”转换到“int”，可能丢失数据
C:\Users\11767\Desktop\社团联谊用作品\社团联谊用作品.cpp(2228,103): warning C4267: “参数”: 从“size_t”转换到“int”，可能丢失数据
C:\Users\11767\Desktop\社团联谊用作品\社团联谊用作品.cpp(2230,70): warning C4267: “参数”: 从“size_t”转换到“int”，可能丢失数据
C:\Users\11767\Desktop\社团联谊用作品\社团联谊用作品.cpp(2231,103): warning C4267: “参数”: 从“size_t”转换到“int”，可能丢失数据
C:\Users\11767\Desktop\社团联谊用作品\社团联谊用作品.cpp(2233,70): warning C4267: “参数”: 从“size_t”转换到“int”，可能丢失数据
C:\Users\11767\Desktop\社团联谊用作品\社团联谊用作品.cpp(2234,216): warning C4267: “参数”: 从“size_t”转换到“int”，可能丢失数据
C:\Users\11767\Desktop\社团联谊用作品\社团联谊用作品.cpp(2236,70): warning C4267: “参数”: 从“size_t”转换到“int”，可能丢失数据
C:\Users\11767\Desktop\社团联谊用作品\社团联谊用作品.cpp(2242,77): warning C4267: “参数”: 从“size_t”转换到“int”，可能丢失数据
C:\Users\11767\Desktop\社团联谊用作品\社团联谊用作品.cpp(2243,109): warning C4267: “参数”: 从“size_t”转换到“int”，可能丢失数据
C:\Users\11767\Desktop\社团联谊用作品\社团联谊用作品.cpp(2245,76): warning C4267: “参数”: 从“size_t”转换到“int”，可能丢失数据
C:\Users\11767\Desktop\社团联谊用作品\社团联谊用作品.cpp(2246,109): warning C4267: “参数”: 从“size_t”转换到“int”，可能丢失数据
C:\Users\11767\Desktop\社团联谊用作品\社团联谊用作品.cpp(2248,76): warning C4267: “参数”: 从“size_t”转换到“int”，可能丢失数据
C:\Users\11767\Desktop\社团联谊用作品\社团联谊用作品.cpp(2249,109): warning C4267: “参数”: 从“size_t”转换到“int”，可能丢失数据
C:\Users\11767\Desktop\社团联谊用作品\社团联谊用作品.cpp(2251,76): warning C4267: “参数”: 从“size_t”转换到“int”，可能丢失数据
C:\Users\11767\Desktop\社团联谊用作品\社团联谊用作品.cpp(2252,109): warning C4267: “参数”: 从“size_t”转换到“int”，可能丢失数据
C:\Users\11767\Desktop\社团联谊用作品\社团联谊用作品.cpp(2254,76): warning C4267: “参数”: 从“size_t”转换到“int”，可能丢失数据
C:\Users\11767\Desktop\社团联谊用作品\社团联谊用作品.cpp(2255,222): warning C4267: “参数”: 从“size_t”转换到“int”，可能丢失数据
C:\Users\11767\Desktop\社团联谊用作品\社团联谊用作品.cpp(2257,76): warning C4267: “参数”: 从“size_t”转换到“int”，可能丢失数据
C:\Users\11767\Desktop\社团联谊用作品\社团联谊用作品.cpp(2475,17): warning C4101: “year”: 未引用的局部变量
C:\Users\11767\Desktop\社团联谊用作品\社团联谊用作品.cpp(3070,18): warning C4244: “+=”: 从“double”转换到“int”，可能丢失数据
  社团联谊用作品.vcxproj -> C:\Users\11767\Desktop\社团联谊用作品\x64\Debug\社团联谊用作品.exe
